<?xml version="1.0" encoding="UTF-8"?>
<!-- Generated by org.testng.reporters.JUnitXMLReporter -->
<testsuite ignored="0" hostname="LAPTOP-ST4CJVNU" failures="1" tests="6" name="Orange HRM App Test Cases" time="64.987" errors="0" timestamp="2022-09-02T08:23:43 IST">
  <testcase classname="com.OrangeHRM.qa.testcases.LoginPageTest" name="loinPageTitleTest" time="0.024"/>
  <testcase classname="com.OrangeHRM.qa.testcases.LoginPageTest" name="OrangeHRMImageTest" time="0.617">
    <failure type="java.lang.AssertionError" message="expected [true] but found [false]">
      <![CDATA[java.lang.AssertionError: expected [true] but found [false]
at com.OrangeHRM.qa.testcases.LoginPageTest.OrangeHRMImageTest(LoginPageTest.java:38)
at java.base/java.util.ArrayList.forEach(ArrayList.java:1511)
... Removed 29 stack frames]]>
    </failure>
  </testcase> <!-- OrangeHRMImageTest -->
  <testcase classname="com.OrangeHRM.qa.testcases.LoginPageTest" name="loginTest" time="1.005"/>
  <testcase classname="com.OrangeHRM.qa.testcases.HomePageTest" name="verifyHomePageTitleTest" time="4.168"/>
  <testcase classname="com.OrangeHRM.qa.testcases.HomePageTest" name="verifyUserNameTest" time="3.649"/>
  <testcase classname="com.OrangeHRM.qa.testcases.HomePageTest" name="verifyAdimLinkTest" time="5.249"/>
</testsuite> <!-- Orange HRM App Test Cases -->
